Setting up Qiskit environment...
Upgrading pip...
Defaulting to user installation because normal site-packages is not writeable
Requirement already satisfied: pip in /home/runner/.local/lib/python3.12/site-packages (25.2)
ERROR: Exception:
Traceback (most recent call last):
  File "/home/runner/.local/lib/python3.12/site-packages/pip/_vendor/urllib3/response.py", line 438, in _error_catcher
    yield
  File "/home/runner/.local/lib/python3.12/site-packages/pip/_vendor/urllib3/response.py", line 561, in read
    data = self._fp_read(amt) if not fp_closed else b""
           ^^^^^^^^^^^^^^^^^^
  File "/home/runner/.local/lib/python3.12/site-packages/pip/_vendor/urllib3/response.py", line 527, in _fp_read
    return self._fp.read(amt) if amt is not None else self._fp.read()
                                                      ^^^^^^^^^^^^^^^
  File "/usr/lib/python3.12/http/client.py", line 473, in read
    return self._read_chunked(amt)
           ^^^^^^^^^^^^^^^^^^^^^^^
  File "/usr/lib/python3.12/http/client.py", line 595, in _read_chunked
    while (chunk_left := self._get_chunk_left()) is not None:
                         ^^^^^^^^^^^^^^^^^^^^^^
  File "/usr/lib/python3.12/http/client.py", line 579, in _get_chunk_left
    chunk_left = self._read_next_chunk_size()
                 ^^^^^^^^^^^^^^^^^^^^^^^^^^^^
  File "/usr/lib/python3.12/http/client.py", line 539, in _read_next_chunk_size
    line = self.fp.readline(_MAXLINE + 1)
           ^^^^^^^^^^^^^^^^^^^^^^^^^^^^^^
  File "/usr/lib/python3.12/socket.py", line 707, in readinto
    return self._sock.recv_into(b)
           ^^^^^^^^^^^^^^^^^^^^^^^
  File "/usr/lib/python3.12/ssl.py", line 1252, in recv_into
    return self.read(nbytes, buffer)
           ^^^^^^^^^^^^^^^^^^^^^^^^^
  File "/usr/lib/python3.12/ssl.py", line 1104, in read
    return self._sslobj.read(len, buffer)
           ^^^^^^^^^^^^^^^^^^^^^^^^^^^^^^
TimeoutError: The read operation timed out

During handling of the above exception, another exception occurred:

Traceback (most recent call last):
  File "/home/runner/.local/lib/python3.12/site-packages/pip/_internal/cli/base_command.py", line 107, in _run_wrapper
    status = _inner_run()
             ^^^^^^^^^^^^
  File "/home/runner/.local/lib/python3.12/site-packages/pip/_internal/cli/base_command.py", line 98, in _inner_run
    return self.run(options, args)
           ^^^^^^^^^^^^^^^^^^^^^^^
  File "/home/runner/.local/lib/python3.12/site-packages/pip/_internal/cli/req_command.py", line 71, in wrapper
    return func(self, options, args)
           ^^^^^^^^^^^^^^^^^^^^^^^^^
  File "/home/runner/.local/lib/python3.12/site-packages/pip/_internal/commands/install.py", line 393, in run
    requirement_set = resolver.resolve(
                      ^^^^^^^^^^^^^^^^^
  File "/home/runner/.local/lib/python3.12/site-packages/pip/_internal/resolution/resolvelib/resolver.py", line 98, in resolve
    result = self._result = resolver.resolve(
                            ^^^^^^^^^^^^^^^^^
  File "/home/runner/.local/lib/python3.12/site-packages/pip/_vendor/resolvelib/resolvers/resolution.py", line 596, in resolve
    state = resolution.resolve(requirements, max_rounds=max_rounds)
            ^^^^^^^^^^^^^^^^^^^^^^^^^^^^^^^^^^^^^^^^^^^^^^^^^^^^^^^
  File "/home/runner/.local/lib/python3.12/site-packages/pip/_vendor/resolvelib/resolvers/resolution.py", line 429, in resolve
    self._add_to_criteria(self.state.criteria, r, parent=None)
  File "/home/runner/.local/lib/python3.12/site-packages/pip/_vendor/resolvelib/resolvers/resolution.py", line 150, in _add_to_criteria
    if not criterion.candidates:
           ^^^^^^^^^^^^^^^^^^^^
  File "/home/runner/.local/lib/python3.12/site-packages/pip/_vendor/resolvelib/structs.py", line 194, in __bool__
    return bool(self._sequence)
           ^^^^^^^^^^^^^^^^^^^^
  File "/home/runner/.local/lib/python3.12/site-packages/pip/_internal/resolution/resolvelib/found_candidates.py", line 165, in __bool__
    self._bool = any(self)
                 ^^^^^^^^^
  File "/home/runner/.local/lib/python3.12/site-packages/pip/_internal/resolution/resolvelib/found_candidates.py", line 149, in <genexpr>
    return (c for c in iterator if id(c) not in self._incompatible_ids)
           ^^^^^^^^^^^^^^^^^^^^^^^^^^^^^^^^^^^^^^^^^^^^^^^^^^^^^^^^^^^^
  File "/home/runner/.local/lib/python3.12/site-packages/pip/_internal/resolution/resolvelib/found_candidates.py", line 95, in _iter_built_with_inserted
    for version, func in infos:
  File "/home/runner/.local/lib/python3.12/site-packages/pip/_internal/resolution/resolvelib/factory.py", line 300, in iter_index_candidate_infos
    result = self._finder.find_best_candidate(
             ^^^^^^^^^^^^^^^^^^^^^^^^^^^^^^^^^
  File "/home/runner/.local/lib/python3.12/site-packages/pip/_internal/index/package_finder.py", line 915, in find_best_candidate
    candidates = self.find_all_candidates(project_name)
                 ^^^^^^^^^^^^^^^^^^^^^^^^^^^^^^^^^^^^^^
  File "/home/runner/.local/lib/python3.12/site-packages/pip/_internal/index/package_finder.py", line 852, in find_all_candidates
    page_candidates = list(page_candidates_it)
                      ^^^^^^^^^^^^^^^^^^^^^^^^
  File "/home/runner/.local/lib/python3.12/site-packages/pip/_internal/index/sources.py", line 196, in page_candidates
    yield from self._candidates_from_page(self._link)
               ^^^^^^^^^^^^^^^^^^^^^^^^^^^^^^^^^^^^^^
  File "/home/runner/.local/lib/python3.12/site-packages/pip/_internal/index/package_finder.py", line 810, in process_project_url
    index_response = self._link_collector.fetch_response(project_url)
                     ^^^^^^^^^^^^^^^^^^^^^^^^^^^^^^^^^^^^^^^^^^^^^^^^
  File "/home/runner/.local/lib/python3.12/site-packages/pip/_internal/index/collector.py", line 443, in fetch_response
    return _get_index_content(location, session=self.session)
           ^^^^^^^^^^^^^^^^^^^^^^^^^^^^^^^^^^^^^^^^^^^^^^^^^^
  File "/home/runner/.local/lib/python3.12/site-packages/pip/_internal/index/collector.py", line 347, in _get_index_content
    resp = _get_simple_response(url, session=session)
           ^^^^^^^^^^^^^^^^^^^^^^^^^^^^^^^^^^^^^^^^^^
  File "/home/runner/.local/lib/python3.12/site-packages/pip/_internal/index/collector.py", line 126, in _get_simple_response
    resp = session.get(
           ^^^^^^^^^^^^
  File "/home/runner/.local/lib/python3.12/site-packages/pip/_vendor/requests/sessions.py", line 602, in get
    return self.request("GET", url, **kwargs)
           ^^^^^^^^^^^^^^^^^^^^^^^^^^^^^^^^^^
  File "/home/runner/.local/lib/python3.12/site-packages/pip/_internal/network/session.py", line 528, in request
    return super().request(method, url, *args, **kwargs)
           ^^^^^^^^^^^^^^^^^^^^^^^^^^^^^^^^^^^^^^^^^^^^^
  File "/home/runner/.local/lib/python3.12/site-packages/pip/_vendor/requests/sessions.py", line 589, in request
    resp = self.send(prep, **send_kwargs)
           ^^^^^^^^^^^^^^^^^^^^^^^^^^^^^^
  File "/home/runner/.local/lib/python3.12/site-packages/pip/_vendor/requests/sessions.py", line 703, in send
    r = adapter.send(request, **kwargs)
        ^^^^^^^^^^^^^^^^^^^^^^^^^^^^^^^
  File "/home/runner/.local/lib/python3.12/site-packages/pip/_vendor/cachecontrol/adapter.py", line 77, in send
    resp = super().send(request, stream, timeout, verify, cert, proxies)
           ^^^^^^^^^^^^^^^^^^^^^^^^^^^^^^^^^^^^^^^^^^^^^^^^^^^^^^^^^^^^^
  File "/home/runner/.local/lib/python3.12/site-packages/pip/_vendor/requests/adapters.py", line 719, in send
    return self.build_response(request, resp)
           ^^^^^^^^^^^^^^^^^^^^^^^^^^^^^^^^^^
  File "/home/runner/.local/lib/python3.12/site-packages/pip/_vendor/cachecontrol/adapter.py", line 118, in build_response
    response.read(decode_content=False)
  File "/home/runner/.local/lib/python3.12/site-packages/pip/_vendor/urllib3/response.py", line 560, in read
    with self._error_catcher():
  File "/usr/lib/python3.12/contextlib.py", line 158, in __exit__
    self.gen.throw(value)
  File "/home/runner/.local/lib/python3.12/site-packages/pip/_vendor/urllib3/response.py", line 443, in _error_catcher
    raise ReadTimeoutError(self._pool, None, "Read timed out.")
pip._vendor.urllib3.exceptions.ReadTimeoutError: HTTPSConnectionPool(host='pypi.org', port=443): Read timed out.
Installing Qiskit and dependencies...
Defaulting to user installation because normal site-packages is not writeable
Requirement already satisfied: qiskit>=1.0.0 in /home/runner/.local/lib/python3.12/site-packages (from -r requirements.txt (line 2)) (2.2.0)
Requirement already satisfied: qiskit-aer>=0.14.0 in /home/runner/.local/lib/python3.12/site-packages (from -r requirements.txt (line 3)) (0.17.2)
Requirement already satisfied: matplotlib>=3.5.0 in /home/runner/.local/lib/python3.12/site-packages (from -r requirements.txt (line 4)) (3.10.6)
Requirement already satisfied: numpy>=1.20.0 in /home/runner/.local/lib/python3.12/site-packages (from -r requirements.txt (line 5)) (2.3.3)
Requirement already satisfied: jupyter>=1.0.0 in /home/runner/.local/lib/python3.12/site-packages (from -r requirements.txt (line 6)) (1.1.1)
Requirement already satisfied: rustworkx>=0.15.0 in /home/runner/.local/lib/python3.12/site-packages (from qiskit>=1.0.0->-r requirements.txt (line 2)) (0.17.1)
Requirement already satisfied: scipy>=1.5 in /home/runner/.local/lib/python3.12/site-packages (from qiskit>=1.0.0->-r requirements.txt (line 2)) (1.16.2)
Requirement already satisfied: dill>=0.3 in /home/runner/.local/lib/python3.12/site-packages (from qiskit>=1.0.0->-r requirements.txt (line 2)) (0.4.0)
Requirement already satisfied: stevedore>=3.0.0 in /home/runner/.local/lib/python3.12/site-packages (from qiskit>=1.0.0->-r requirements.txt (line 2)) (5.5.0)
Requirement already satisfied: typing-extensions in /usr/lib/python3/dist-packages (from qiskit>=1.0.0->-r requirements.txt (line 2)) (4.10.0)
Requirement already satisfied: psutil>=5 in /home/runner/.local/lib/python3.12/site-packages (from qiskit-aer>=0.14.0->-r requirements.txt (line 3)) (7.1.0)
Requirement already satisfied: python-dateutil>=2.8.0 in /usr/lib/python3/dist-packages (from qiskit-aer>=0.14.0->-r requirements.txt (line 3)) (2.8.2)
Requirement already satisfied: contourpy>=1.0.1 in /home/runner/.local/lib/python3.12/site-packages (from matplotlib>=3.5.0->-r requirements.txt (line 4)) (1.3.3)
Requirement already satisfied: cycler>=0.10 in /home/runner/.local/lib/python3.12/site-packages (from matplotlib>=3.5.0->-r requirements.txt (line 4)) (0.12.1)
Requirement already satisfied: fonttools>=4.22.0 in /home/runner/.local/lib/python3.12/site-packages (from matplotlib>=3.5.0->-r requirements.txt (line 4)) (4.60.0)
Requirement already satisfied: kiwisolver>=1.3.1 in /home/runner/.local/lib/python3.12/site-packages (from matplotlib>=3.5.0->-r requirements.txt (line 4)) (1.4.9)
Requirement already satisfied: packaging>=20.0 in /usr/lib/python3/dist-packages (from matplotlib>=3.5.0->-r requirements.txt (line 4)) (24.0)
Requirement already satisfied: pillow>=8 in /home/runner/.local/lib/python3.12/site-packages (from matplotlib>=3.5.0->-r requirements.txt (line 4)) (11.3.0)
Requirement already satisfied: pyparsing>=2.3.1 in /usr/lib/python3/dist-packages (from matplotlib>=3.5.0->-r requirements.txt (line 4)) (3.1.1)
Requirement already satisfied: notebook in /home/runner/.local/lib/python3.12/site-packages (from jupyter>=1.0.0->-r requirements.txt (line 6)) (7.4.5)
Requirement already satisfied: jupyter-console in /home/runner/.local/lib/python3.12/site-packages (from jupyter>=1.0.0->-r requirements.txt (line 6)) (6.6.3)
Requirement already satisfied: nbconvert in /home/runner/.local/lib/python3.12/site-packages (from jupyter>=1.0.0->-r requirements.txt (line 6)) (7.16.6)
Requirement already satisfied: ipykernel in /home/runner/.local/lib/python3.12/site-packages (from jupyter>=1.0.0->-r requirements.txt (line 6)) (6.30.1)
Requirement already satisfied: ipywidgets in /home/runner/.local/lib/python3.12/site-packages (from jupyter>=1.0.0->-r requirements.txt (line 6)) (8.1.7)
Requirement already satisfied: jupyterlab in /home/runner/.local/lib/python3.12/site-packages (from jupyter>=1.0.0->-r requirements.txt (line 6)) (4.4.7)
Requirement already satisfied: comm>=0.1.1 in /home/runner/.local/lib/python3.12/site-packages (from ipykernel->jupyter>=1.0.0->-r requirements.txt (line 6)) (0.2.3)
Requirement already satisfied: debugpy>=1.6.5 in /home/runner/.local/lib/python3.12/site-packages (from ipykernel->jupyter>=1.0.0->-r requirements.txt (line 6)) (1.8.17)
Requirement already satisfied: ipython>=7.23.1 in /home/runner/.local/lib/python3.12/site-packages (from ipykernel->jupyter>=1.0.0->-r requirements.txt (line 6)) (9.5.0)
Requirement already satisfied: jupyter-client>=8.0.0 in /home/runner/.local/lib/python3.12/site-packages (from ipykernel->jupyter>=1.0.0->-r requirements.txt (line 6)) (8.6.3)
Requirement already satisfied: jupyter-core!=5.0.*,>=4.12 in /home/runner/.local/lib/python3.12/site-packages (from ipykernel->jupyter>=1.0.0->-r requirements.txt (line 6)) (5.8.1)
Requirement already satisfied: matplotlib-inline>=0.1 in /home/runner/.local/lib/python3.12/site-packages (from ipykernel->jupyter>=1.0.0->-r requirements.txt (line 6)) (0.1.7)
Requirement already satisfied: nest-asyncio>=1.4 in /home/runner/.local/lib/python3.12/site-packages (from ipykernel->jupyter>=1.0.0->-r requirements.txt (line 6)) (1.6.0)
Requirement already satisfied: pyzmq>=25 in /home/runner/.local/lib/python3.12/site-packages (from ipykernel->jupyter>=1.0.0->-r requirements.txt (line 6)) (27.1.0)
Requirement already satisfied: tornado>=6.2 in /home/runner/.local/lib/python3.12/site-packages (from ipykernel->jupyter>=1.0.0->-r requirements.txt (line 6)) (6.5.2)
Requirement already satisfied: traitlets>=5.4.0 in /home/runner/.local/lib/python3.12/site-packages (from ipykernel->jupyter>=1.0.0->-r requirements.txt (line 6)) (5.14.3)
Requirement already satisfied: decorator in /home/runner/.local/lib/python3.12/site-packages (from ipython>=7.23.1->ipykernel->jupyter>=1.0.0->-r requirements.txt (line 6)) (5.2.1)
Requirement already satisfied: ipython-pygments-lexers in /home/runner/.local/lib/python3.12/site-packages (from ipython>=7.23.1->ipykernel->jupyter>=1.0.0->-r requirements.txt (line 6)) (1.1.1)
Requirement already satisfied: jedi>=0.16 in /home/runner/.local/lib/python3.12/site-packages (from ipython>=7.23.1->ipykernel->jupyter>=1.0.0->-r requirements.txt (line 6)) (0.19.2)
Requirement already satisfied: pexpect>4.3 in /usr/lib/python3/dist-packages (from ipython>=7.23.1->ipykernel->jupyter>=1.0.0->-r requirements.txt (line 6)) (4.9.0)
Requirement already satisfied: prompt_toolkit<3.1.0,>=3.0.41 in /home/runner/.local/lib/python3.12/site-packages (from ipython>=7.23.1->ipykernel->jupyter>=1.0.0->-r requirements.txt (line 6)) (3.0.52)
Requirement already satisfied: pygments>=2.4.0 in /usr/lib/python3/dist-packages (from ipython>=7.23.1->ipykernel->jupyter>=1.0.0->-r requirements.txt (line 6)) (2.17.2)
Requirement already satisfied: stack_data in /home/runner/.local/lib/python3.12/site-packages (from ipython>=7.23.1->ipykernel->jupyter>=1.0.0->-r requirements.txt (line 6)) (0.6.3)
Requirement already satisfied: wcwidth in /home/runner/.local/lib/python3.12/site-packages (from prompt_toolkit<3.1.0,>=3.0.41->ipython>=7.23.1->ipykernel->jupyter>=1.0.0->-r requirements.txt (line 6)) (0.2.13)
Requirement already satisfied: parso<0.9.0,>=0.8.4 in /home/runner/.local/lib/python3.12/site-packages (from jedi>=0.16->ipython>=7.23.1->ipykernel->jupyter>=1.0.0->-r requirements.txt (line 6)) (0.8.5)
Requirement already satisfied: platformdirs>=2.5 in /usr/local/lib/python3.12/dist-packages (from jupyter-core!=5.0.*,>=4.12->ipykernel->jupyter>=1.0.0->-r requirements.txt (line 6)) (4.4.0)
Requirement already satisfied: widgetsnbextension~=4.0.14 in /home/runner/.local/lib/python3.12/site-packages (from ipywidgets->jupyter>=1.0.0->-r requirements.txt (line 6)) (4.0.14)
Requirement already satisfied: jupyterlab_widgets~=3.0.15 in /home/runner/.local/lib/python3.12/site-packages (from ipywidgets->jupyter>=1.0.0->-r requirements.txt (line 6)) (3.0.15)
Requirement already satisfied: async-lru>=1.0.0 in /home/runner/.local/lib/python3.12/site-packages (from jupyterlab->jupyter>=1.0.0->-r requirements.txt (line 6)) (2.0.5)
Requirement already satisfied: httpx<1,>=0.25.0 in /home/runner/.local/lib/python3.12/site-packages (from jupyterlab->jupyter>=1.0.0->-r requirements.txt (line 6)) (0.28.1)
Requirement already satisfied: jinja2>=3.0.3 in /usr/lib/python3/dist-packages (from jupyterlab->jupyter>=1.0.0->-r requirements.txt (line 6)) (3.1.2)
Requirement already satisfied: jupyter-lsp>=2.0.0 in /home/runner/.local/lib/python3.12/site-packages (from jupyterlab->jupyter>=1.0.0->-r requirements.txt (line 6)) (2.3.0)
Requirement already satisfied: jupyter-server<3,>=2.4.0 in /home/runner/.local/lib/python3.12/site-packages (from jupyterlab->jupyter>=1.0.0->-r requirements.txt (line 6)) (2.17.0)
Requirement already satisfied: jupyterlab-server<3,>=2.27.1 in /home/runner/.local/lib/python3.12/site-packages (from jupyterlab->jupyter>=1.0.0->-r requirements.txt (line 6)) (2.27.3)
Requirement already satisfied: notebook-shim>=0.2 in /home/runner/.local/lib/python3.12/site-packages (from jupyterlab->jupyter>=1.0.0->-r requirements.txt (line 6)) (0.2.4)
Requirement already satisfied: setuptools>=41.1.0 in /usr/lib/python3/dist-packages (from jupyterlab->jupyter>=1.0.0->-r requirements.txt (line 6)) (68.1.2)
Requirement already satisfied: anyio in /home/runner/.local/lib/python3.12/site-packages (from httpx<1,>=0.25.0->jupyterlab->jupyter>=1.0.0->-r requirements.txt (line 6)) (4.10.0)
Requirement already satisfied: certifi in /usr/lib/python3/dist-packages (from httpx<1,>=0.25.0->jupyterlab->jupyter>=1.0.0->-r requirements.txt (line 6)) (2023.11.17)
Requirement already satisfied: httpcore==1.* in /home/runner/.local/lib/python3.12/site-packages (from httpx<1,>=0.25.0->jupyterlab->jupyter>=1.0.0->-r requirements.txt (line 6)) (1.0.9)
Requirement already satisfied: idna in /usr/lib/python3/dist-packages (from httpx<1,>=0.25.0->jupyterlab->jupyter>=1.0.0->-r requirements.txt (line 6)) (3.6)
Requirement already satisfied: h11>=0.16 in /home/runner/.local/lib/python3.12/site-packages (from httpcore==1.*->httpx<1,>=0.25.0->jupyterlab->jupyter>=1.0.0->-r requirements.txt (line 6)) (0.16.0)
Requirement already satisfied: argon2-cffi>=21.1 in /home/runner/.local/lib/python3.12/site-packages (from jupyter-server<3,>=2.4.0->jupyterlab->jupyter>=1.0.0->-r requirements.txt (line 6)) (25.1.0)
Requirement already satisfied: jupyter-events>=0.11.0 in /home/runner/.local/lib/python3.12/site-packages (from jupyter-server<3,>=2.4.0->jupyterlab->jupyter>=1.0.0->-r requirements.txt (line 6)) (0.12.0)
Requirement already satisfied: jupyter-server-terminals>=0.4.4 in /home/runner/.local/lib/python3.12/site-packages (from jupyter-server<3,>=2.4.0->jupyterlab->jupyter>=1.0.0->-r requirements.txt (line 6)) (0.5.3)
Requirement already satisfied: nbformat>=5.3.0 in /home/runner/.local/lib/python3.12/site-packages (from jupyter-server<3,>=2.4.0->jupyterlab->jupyter>=1.0.0->-r requirements.txt (line 6)) (5.10.4)
Requirement already satisfied: prometheus-client>=0.9 in /home/runner/.local/lib/python3.12/site-packages (from jupyter-server<3,>=2.4.0->jupyterlab->jupyter>=1.0.0->-r requirements.txt (line 6)) (0.23.1)
Requirement already satisfied: send2trash>=1.8.2 in /home/runner/.local/lib/python3.12/site-packages (from jupyter-server<3,>=2.4.0->jupyterlab->jupyter>=1.0.0->-r requirements.txt (line 6)) (1.8.3)
Requirement already satisfied: terminado>=0.8.3 in /home/runner/.local/lib/python3.12/site-packages (from jupyter-server<3,>=2.4.0->jupyterlab->jupyter>=1.0.0->-r requirements.txt (line 6)) (0.18.1)
Requirement already satisfied: websocket-client>=1.7 in /home/runner/.local/lib/python3.12/site-packages (from jupyter-server<3,>=2.4.0->jupyterlab->jupyter>=1.0.0->-r requirements.txt (line 6)) (1.8.0)
Requirement already satisfied: babel>=2.10 in /usr/lib/python3/dist-packages (from jupyterlab-server<3,>=2.27.1->jupyterlab->jupyter>=1.0.0->-r requirements.txt (line 6)) (2.10.3)
Requirement already satisfied: json5>=0.9.0 in /home/runner/.local/lib/python3.12/site-packages (from jupyterlab-server<3,>=2.27.1->jupyterlab->jupyter>=1.0.0->-r requirements.txt (line 6)) (0.12.1)
Requirement already satisfied: jsonschema>=4.18.0 in /home/runner/.local/lib/python3.12/site-packages (from jupyterlab-server<3,>=2.27.1->jupyterlab->jupyter>=1.0.0->-r requirements.txt (line 6)) (4.25.1)
Requirement already satisfied: requests>=2.31 in /usr/lib/python3/dist-packages (from jupyterlab-server<3,>=2.27.1->jupyterlab->jupyter>=1.0.0->-r requirements.txt (line 6)) (2.31.0)
Requirement already satisfied: sniffio>=1.1 in /home/runner/.local/lib/python3.12/site-packages (from anyio->httpx<1,>=0.25.0->jupyterlab->jupyter>=1.0.0->-r requirements.txt (line 6)) (1.3.1)
Requirement already satisfied: argon2-cffi-bindings in /home/runner/.local/lib/python3.12/site-packages (from argon2-cffi>=21.1->jupyter-server<3,>=2.4.0->jupyterlab->jupyter>=1.0.0->-r requirements.txt (line 6)) (25.1.0)
Requirement already satisfied: attrs>=22.2.0 in /usr/lib/python3/dist-packages (from jsonschema>=4.18.0->jupyterlab-server<3,>=2.27.1->jupyterlab->jupyter>=1.0.0->-r requirements.txt (line 6)) (23.2.0)
Requirement already satisfied: jsonschema-specifications>=2023.03.6 in /home/runner/.local/lib/python3.12/site-packages (from jsonschema>=4.18.0->jupyterlab-server<3,>=2.27.1->jupyterlab->jupyter>=1.0.0->-r requirements.txt (line 6)) (2025.9.1)
Requirement already satisfied: referencing>=0.28.4 in /home/runner/.local/lib/python3.12/site-packages (from jsonschema>=4.18.0->jupyterlab-server<3,>=2.27.1->jupyterlab->jupyter>=1.0.0->-r requirements.txt (line 6)) (0.36.2)
Requirement already satisfied: rpds-py>=0.7.1 in /home/runner/.local/lib/python3.12/site-packages (from jsonschema>=4.18.0->jupyterlab-server<3,>=2.27.1->jupyterlab->jupyter>=1.0.0->-r requirements.txt (line 6)) (0.27.1)
Requirement already satisfied: python-json-logger>=2.0.4 in /home/runner/.local/lib/python3.12/site-packages (from jupyter-events>=0.11.0->jupyter-server<3,>=2.4.0->jupyterlab->jupyter>=1.0.0->-r requirements.txt (line 6)) (3.3.0)
Requirement already satisfied: pyyaml>=5.3 in /usr/lib/python3/dist-packages (from jupyter-events>=0.11.0->jupyter-server<3,>=2.4.0->jupyterlab->jupyter>=1.0.0->-r requirements.txt (line 6)) (6.0.1)
Requirement already satisfied: rfc3339-validator in /home/runner/.local/lib/python3.12/site-packages (from jupyter-events>=0.11.0->jupyter-server<3,>=2.4.0->jupyterlab->jupyter>=1.0.0->-r requirements.txt (line 6)) (0.1.4)
Requirement already satisfied: rfc3986-validator>=0.1.1 in /home/runner/.local/lib/python3.12/site-packages (from jupyter-events>=0.11.0->jupyter-server<3,>=2.4.0->jupyterlab->jupyter>=1.0.0->-r requirements.txt (line 6)) (0.1.1)
Requirement already satisfied: fqdn in /home/runner/.local/lib/python3.12/site-packages (from jsonschema[format-nongpl]>=4.18.0->jupyter-events>=0.11.0->jupyter-server<3,>=2.4.0->jupyterlab->jupyter>=1.0.0->-r requirements.txt (line 6)) (1.5.1)
Requirement already satisfied: isoduration in /home/runner/.local/lib/python3.12/site-packages (from jsonschema[format-nongpl]>=4.18.0->jupyter-events>=0.11.0->jupyter-server<3,>=2.4.0->jupyterlab->jupyter>=1.0.0->-r requirements.txt (line 6)) (20.11.0)
Requirement already satisfied: jsonpointer>1.13 in /usr/lib/python3/dist-packages (from jsonschema[format-nongpl]>=4.18.0->jupyter-events>=0.11.0->jupyter-server<3,>=2.4.0->jupyterlab->jupyter>=1.0.0->-r requirements.txt (line 6)) (2.0)
Requirement already satisfied: rfc3987-syntax>=1.1.0 in /home/runner/.local/lib/python3.12/site-packages (from jsonschema[format-nongpl]>=4.18.0->jupyter-events>=0.11.0->jupyter-server<3,>=2.4.0->jupyterlab->jupyter>=1.0.0->-r requirements.txt (line 6)) (1.1.0)
Requirement already satisfied: uri-template in /home/runner/.local/lib/python3.12/site-packages (from jsonschema[format-nongpl]>=4.18.0->jupyter-events>=0.11.0->jupyter-server<3,>=2.4.0->jupyterlab->jupyter>=1.0.0->-r requirements.txt (line 6)) (1.3.0)
Requirement already satisfied: webcolors>=24.6.0 in /home/runner/.local/lib/python3.12/site-packages (from jsonschema[format-nongpl]>=4.18.0->jupyter-events>=0.11.0->jupyter-server<3,>=2.4.0->jupyterlab->jupyter>=1.0.0->-r requirements.txt (line 6)) (24.11.1)
Requirement already satisfied: beautifulsoup4 in /home/runner/.local/lib/python3.12/site-packages (from nbconvert->jupyter>=1.0.0->-r requirements.txt (line 6)) (4.13.5)
Requirement already satisfied: bleach!=5.0.0 in /home/runner/.local/lib/python3.12/site-packages (from bleach[css]!=5.0.0->nbconvert->jupyter>=1.0.0->-r requirements.txt (line 6)) (6.2.0)
Requirement already satisfied: defusedxml in /home/runner/.local/lib/python3.12/site-packages (from nbconvert->jupyter>=1.0.0->-r requirements.txt (line 6)) (0.7.1)
Requirement already satisfied: jupyterlab-pygments in /home/runner/.local/lib/python3.12/site-packages (from nbconvert->jupyter>=1.0.0->-r requirements.txt (line 6)) (0.3.0)
Requirement already satisfied: markupsafe>=2.0 in /usr/lib/python3/dist-packages (from nbconvert->jupyter>=1.0.0->-r requirements.txt (line 6)) (2.1.5)
Requirement already satisfied: mistune<4,>=2.0.3 in /home/runner/.local/lib/python3.12/site-packages (from nbconvert->jupyter>=1.0.0->-r requirements.txt (line 6)) (3.1.4)
Requirement already satisfied: nbclient>=0.5.0 in /home/runner/.local/lib/python3.12/site-packages (from nbconvert->jupyter>=1.0.0->-r requirements.txt (line 6)) (0.10.2)
Requirement already satisfied: pandocfilters>=1.4.1 in /home/runner/.local/lib/python3.12/site-packages (from nbconvert->jupyter>=1.0.0->-r requirements.txt (line 6)) (1.5.1)
Requirement already satisfied: webencodings in /home/runner/.local/lib/python3.12/site-packages (from bleach!=5.0.0->bleach[css]!=5.0.0->nbconvert->jupyter>=1.0.0->-r requirements.txt (line 6)) (0.5.1)
Requirement already satisfied: tinycss2<1.5,>=1.1.0 in /home/runner/.local/lib/python3.12/site-packages (from bleach[css]!=5.0.0->nbconvert->jupyter>=1.0.0->-r requirements.txt (line 6)) (1.4.0)
Requirement already satisfied: fastjsonschema>=2.15 in /home/runner/.local/lib/python3.12/site-packages (from nbformat>=5.3.0->jupyter-server<3,>=2.4.0->jupyterlab->jupyter>=1.0.0->-r requirements.txt (line 6)) (2.21.2)
Requirement already satisfied: lark>=1.2.2 in /home/runner/.local/lib/python3.12/site-packages (from rfc3987-syntax>=1.1.0->jsonschema[format-nongpl]>=4.18.0->jupyter-events>=0.11.0->jupyter-server<3,>=2.4.0->jupyterlab->jupyter>=1.0.0->-r requirements.txt (line 6)) (1.2.2)
Requirement already satisfied: ptyprocess in /usr/lib/python3/dist-packages (from terminado>=0.8.3->jupyter-server<3,>=2.4.0->jupyterlab->jupyter>=1.0.0->-r requirements.txt (line 6)) (0.7.0)
Requirement already satisfied: cffi>=1.0.1 in /home/runner/.local/lib/python3.12/site-packages (from argon2-cffi-bindings->argon2-cffi>=21.1->jupyter-server<3,>=2.4.0->jupyterlab->jupyter>=1.0.0->-r requirements.txt (line 6)) (2.0.0)
Requirement already satisfied: pycparser in /home/runner/.local/lib/python3.12/site-packages (from cffi>=1.0.1->argon2-cffi-bindings->argon2-cffi>=21.1->jupyter-server<3,>=2.4.0->jupyterlab->jupyter>=1.0.0->-r requirements.txt (line 6)) (2.23)
Requirement already satisfied: soupsieve>1.2 in /home/runner/.local/lib/python3.12/site-packages (from beautifulsoup4->nbconvert->jupyter>=1.0.0->-r requirements.txt (line 6)) (2.8)
Requirement already satisfied: arrow>=0.15.0 in /home/runner/.local/lib/python3.12/site-packages (from isoduration->jsonschema[format-nongpl]>=4.18.0->jupyter-events>=0.11.0->jupyter-server<3,>=2.4.0->jupyterlab->jupyter>=1.0.0->-r requirements.txt (line 6)) (1.3.0)
Requirement already satisfied: types-python-dateutil>=2.8.10 in /home/runner/.local/lib/python3.12/site-packages (from arrow>=0.15.0->isoduration->jsonschema[format-nongpl]>=4.18.0->jupyter-events>=0.11.0->jupyter-server<3,>=2.4.0->jupyterlab->jupyter>=1.0.0->-r requirements.txt (line 6)) (2.9.0.20250822)
Requirement already satisfied: six in /usr/lib/python3/dist-packages (from rfc3339-validator->jupyter-events>=0.11.0->jupyter-server<3,>=2.4.0->jupyterlab->jupyter>=1.0.0->-r requirements.txt (line 6)) (1.16.0)
Requirement already satisfied: executing>=1.2.0 in /home/runner/.local/lib/python3.12/site-packages (from stack_data->ipython>=7.23.1->ipykernel->jupyter>=1.0.0->-r requirements.txt (line 6)) (2.2.1)
Requirement already satisfied: asttokens>=2.1.0 in /home/runner/.local/lib/python3.12/site-packages (from stack_data->ipython>=7.23.1->ipykernel->jupyter>=1.0.0->-r requirements.txt (line 6)) (3.0.0)
Requirement already satisfied: pure-eval in /home/runner/.local/lib/python3.12/site-packages (from stack_data->ipython>=7.23.1->ipykernel->jupyter>=1.0.0->-r requirements.txt (line 6)) (0.2.3)
Qiskit environment setup complete!
You can now run the Qiskit examples in this directory.

To get started, try running:
  python3 hello_world.py
  python3 quantum_circuits.py

For Jupyter notebooks:
  jupyter notebook
